<?xml version="1.0" encoding="UTF-8"?>
<testsuite name="testIdentificationTable" tests="3" skipped="0" failures="0" errors="0" timestamp="2017-12-13T15:57:45" hostname="seedOS" time="0.002">
  <properties/>
  <testcase name="addIdentifier" classname="testIdentificationTable" time="0.001"/>
  <testcase name="noScopeAddIdentifier" classname="testIdentificationTable" time="0.001"/>
  <testcase name="openMoreScopes" classname="testIdentificationTable" time="0.0"/>
  <system-out><![CDATA[]]></system-out>
  <system-err><![CDATA[]]></system-err>
</testsuite>
