<?xml version="1.0" encoding="UTF-8"?>
<testsuite name="mavlc.frontend.ast.ASTCompareTest" tests="9" skipped="0" failures="9" errors="0" timestamp="2017-12-15T17:15:37" hostname="seedOS" time="0.343">
  <properties/>
  <testcase name="testExample[switch02]" classname="mavlc.frontend.ast.ASTCompareTest" time="0.026">
    <failure message="java.lang.UnsupportedOperationException" type="java.lang.UnsupportedOperationException">java.lang.UnsupportedOperationException
	at mavlc.context_analysis.ContextualAnalysis.visitSwitchStatement(ContextualAnalysis.java:401)
	at mavlc.context_analysis.ContextualAnalysis.visitSwitchStatement(ContextualAnalysis.java:107)
	at mavlc.ast.nodes.statement.SwitchStatement.accept(SwitchStatement.java:89)
	at mavlc.context_analysis.ContextualAnalysis.visitFunction(ContextualAnalysis.java:192)
	at mavlc.context_analysis.ContextualAnalysis.visitFunction(ContextualAnalysis.java:107)
	at mavlc.ast.nodes.function.Function.accept(Function.java:73)
	at mavlc.context_analysis.ContextualAnalysis.visitModule(ContextualAnalysis.java:144)
	at mavlc.context_analysis.ContextualAnalysis.visitModule(ContextualAnalysis.java:107)
	at mavlc.ast.nodes.module.Module.accept(Module.java:47)
	at mavlc.Main.main(Main.java:144)
	at mavlc.frontend.ast.ASTCompareTest.testExample(ASTCompareTest.java:68)
	at sun.reflect.NativeMethodAccessorImpl.invoke0(Native Method)
	at sun.reflect.NativeMethodAccessorImpl.invoke(NativeMethodAccessorImpl.java:62)
	at sun.reflect.DelegatingMethodAccessorImpl.invoke(DelegatingMethodAccessorImpl.java:43)
	at java.lang.reflect.Method.invoke(Method.java:498)
	at org.junit.runners.model.FrameworkMethod$1.runReflectiveCall(FrameworkMethod.java:50)
	at org.junit.internal.runners.model.ReflectiveCallable.run(ReflectiveCallable.java:12)
	at org.junit.runners.model.FrameworkMethod.invokeExplosively(FrameworkMethod.java:47)
	at org.junit.internal.runners.statements.InvokeMethod.evaluate(InvokeMethod.java:17)
	at org.junit.runners.ParentRunner.runLeaf(ParentRunner.java:325)
	at org.junit.runners.BlockJUnit4ClassRunner.runChild(BlockJUnit4ClassRunner.java:78)
	at org.junit.runners.BlockJUnit4ClassRunner.runChild(BlockJUnit4ClassRunner.java:57)
	at org.junit.runners.ParentRunner$3.run(ParentRunner.java:290)
	at org.junit.runners.ParentRunner$1.schedule(ParentRunner.java:71)
	at org.junit.runners.ParentRunner.runChildren(ParentRunner.java:288)
	at org.junit.runners.ParentRunner.access$000(ParentRunner.java:58)
	at org.junit.runners.ParentRunner$2.evaluate(ParentRunner.java:268)
	at org.junit.runners.ParentRunner.run(ParentRunner.java:363)
	at org.junit.runners.Suite.runChild(Suite.java:128)
	at org.junit.runners.Suite.runChild(Suite.java:27)
	at org.junit.runners.ParentRunner$3.run(ParentRunner.java:290)
	at org.junit.runners.ParentRunner$1.schedule(ParentRunner.java:71)
	at org.junit.runners.ParentRunner.runChildren(ParentRunner.java:288)
	at org.junit.runners.ParentRunner.access$000(ParentRunner.java:58)
	at org.junit.runners.ParentRunner$2.evaluate(ParentRunner.java:268)
	at org.junit.runners.ParentRunner.run(ParentRunner.java:363)
	at org.gradle.api.internal.tasks.testing.junit.JUnitTestClassExecuter.runTestClass(JUnitTestClassExecuter.java:114)
	at org.gradle.api.internal.tasks.testing.junit.JUnitTestClassExecuter.execute(JUnitTestClassExecuter.java:57)
	at org.gradle.api.internal.tasks.testing.junit.JUnitTestClassProcessor.processTestClass(JUnitTestClassProcessor.java:66)
	at org.gradle.api.internal.tasks.testing.SuiteTestClassProcessor.processTestClass(SuiteTestClassProcessor.java:51)
	at sun.reflect.NativeMethodAccessorImpl.invoke0(Native Method)
	at sun.reflect.NativeMethodAccessorImpl.invoke(NativeMethodAccessorImpl.java:62)
	at sun.reflect.DelegatingMethodAccessorImpl.invoke(DelegatingMethodAccessorImpl.java:43)
	at java.lang.reflect.Method.invoke(Method.java:498)
	at org.gradle.internal.dispatch.ReflectionDispatch.dispatch(ReflectionDispatch.java:35)
	at org.gradle.internal.dispatch.ReflectionDispatch.dispatch(ReflectionDispatch.java:24)
	at org.gradle.internal.dispatch.ContextClassLoaderDispatch.dispatch(ContextClassLoaderDispatch.java:32)
	at org.gradle.internal.dispatch.ProxyDispatchAdapter$DispatchingInvocationHandler.invoke(ProxyDispatchAdapter.java:93)
	at com.sun.proxy.$Proxy1.processTestClass(Unknown Source)
	at org.gradle.api.internal.tasks.testing.worker.TestWorker.processTestClass(TestWorker.java:109)
	at sun.reflect.NativeMethodAccessorImpl.invoke0(Native Method)
	at sun.reflect.NativeMethodAccessorImpl.invoke(NativeMethodAccessorImpl.java:62)
	at sun.reflect.DelegatingMethodAccessorImpl.invoke(DelegatingMethodAccessorImpl.java:43)
	at java.lang.reflect.Method.invoke(Method.java:498)
	at org.gradle.internal.dispatch.ReflectionDispatch.dispatch(ReflectionDispatch.java:35)
	at org.gradle.internal.dispatch.ReflectionDispatch.dispatch(ReflectionDispatch.java:24)
	at org.gradle.internal.remote.internal.hub.MessageHubBackedObjectConnection$DispatchWrapper.dispatch(MessageHubBackedObjectConnection.java:146)
	at org.gradle.internal.remote.internal.hub.MessageHubBackedObjectConnection$DispatchWrapper.dispatch(MessageHubBackedObjectConnection.java:128)
	at org.gradle.internal.remote.internal.hub.MessageHub$Handler.run(MessageHub.java:404)
	at org.gradle.internal.concurrent.ExecutorPolicy$CatchAndRecordFailures.onExecute(ExecutorPolicy.java:63)
	at org.gradle.internal.concurrent.ManagedExecutorImpl$1.run(ManagedExecutorImpl.java:46)
	at java.util.concurrent.ThreadPoolExecutor.runWorker(ThreadPoolExecutor.java:1149)
	at java.util.concurrent.ThreadPoolExecutor$Worker.run(ThreadPoolExecutor.java:624)
	at org.gradle.internal.concurrent.ThreadFactoryImpl$ManagedThreadRunnable.run(ThreadFactoryImpl.java:55)
	at java.lang.Thread.run(Thread.java:748)
</failure>
  </testcase>
  <testcase name="testExample[foreachloop02]" classname="mavlc.frontend.ast.ASTCompareTest" time="0.016">
    <failure message="java.lang.UnsupportedOperationException" type="java.lang.UnsupportedOperationException">java.lang.UnsupportedOperationException
	at mavlc.context_analysis.ContextualAnalysis.visitForEachLoop(ContextualAnalysis.java:349)
	at mavlc.context_analysis.ContextualAnalysis.visitForEachLoop(ContextualAnalysis.java:107)
	at mavlc.ast.nodes.statement.ForEachLoop.accept(ForEachLoop.java:94)
	at mavlc.context_analysis.ContextualAnalysis.visitFunction(ContextualAnalysis.java:192)
	at mavlc.context_analysis.ContextualAnalysis.visitFunction(ContextualAnalysis.java:107)
	at mavlc.ast.nodes.function.Function.accept(Function.java:73)
	at mavlc.context_analysis.ContextualAnalysis.visitModule(ContextualAnalysis.java:144)
	at mavlc.context_analysis.ContextualAnalysis.visitModule(ContextualAnalysis.java:107)
	at mavlc.ast.nodes.module.Module.accept(Module.java:47)
	at mavlc.Main.main(Main.java:144)
	at mavlc.frontend.ast.ASTCompareTest.testExample(ASTCompareTest.java:68)
	at sun.reflect.NativeMethodAccessorImpl.invoke0(Native Method)
	at sun.reflect.NativeMethodAccessorImpl.invoke(NativeMethodAccessorImpl.java:62)
	at sun.reflect.DelegatingMethodAccessorImpl.invoke(DelegatingMethodAccessorImpl.java:43)
	at java.lang.reflect.Method.invoke(Method.java:498)
	at org.junit.runners.model.FrameworkMethod$1.runReflectiveCall(FrameworkMethod.java:50)
	at org.junit.internal.runners.model.ReflectiveCallable.run(ReflectiveCallable.java:12)
	at org.junit.runners.model.FrameworkMethod.invokeExplosively(FrameworkMethod.java:47)
	at org.junit.internal.runners.statements.InvokeMethod.evaluate(InvokeMethod.java:17)
	at org.junit.runners.ParentRunner.runLeaf(ParentRunner.java:325)
	at org.junit.runners.BlockJUnit4ClassRunner.runChild(BlockJUnit4ClassRunner.java:78)
	at org.junit.runners.BlockJUnit4ClassRunner.runChild(BlockJUnit4ClassRunner.java:57)
	at org.junit.runners.ParentRunner$3.run(ParentRunner.java:290)
	at org.junit.runners.ParentRunner$1.schedule(ParentRunner.java:71)
	at org.junit.runners.ParentRunner.runChildren(ParentRunner.java:288)
	at org.junit.runners.ParentRunner.access$000(ParentRunner.java:58)
	at org.junit.runners.ParentRunner$2.evaluate(ParentRunner.java:268)
	at org.junit.runners.ParentRunner.run(ParentRunner.java:363)
	at org.junit.runners.Suite.runChild(Suite.java:128)
	at org.junit.runners.Suite.runChild(Suite.java:27)
	at org.junit.runners.ParentRunner$3.run(ParentRunner.java:290)
	at org.junit.runners.ParentRunner$1.schedule(ParentRunner.java:71)
	at org.junit.runners.ParentRunner.runChildren(ParentRunner.java:288)
	at org.junit.runners.ParentRunner.access$000(ParentRunner.java:58)
	at org.junit.runners.ParentRunner$2.evaluate(ParentRunner.java:268)
	at org.junit.runners.ParentRunner.run(ParentRunner.java:363)
	at org.gradle.api.internal.tasks.testing.junit.JUnitTestClassExecuter.runTestClass(JUnitTestClassExecuter.java:114)
	at org.gradle.api.internal.tasks.testing.junit.JUnitTestClassExecuter.execute(JUnitTestClassExecuter.java:57)
	at org.gradle.api.internal.tasks.testing.junit.JUnitTestClassProcessor.processTestClass(JUnitTestClassProcessor.java:66)
	at org.gradle.api.internal.tasks.testing.SuiteTestClassProcessor.processTestClass(SuiteTestClassProcessor.java:51)
	at sun.reflect.NativeMethodAccessorImpl.invoke0(Native Method)
	at sun.reflect.NativeMethodAccessorImpl.invoke(NativeMethodAccessorImpl.java:62)
	at sun.reflect.DelegatingMethodAccessorImpl.invoke(DelegatingMethodAccessorImpl.java:43)
	at java.lang.reflect.Method.invoke(Method.java:498)
	at org.gradle.internal.dispatch.ReflectionDispatch.dispatch(ReflectionDispatch.java:35)
	at org.gradle.internal.dispatch.ReflectionDispatch.dispatch(ReflectionDispatch.java:24)
	at org.gradle.internal.dispatch.ContextClassLoaderDispatch.dispatch(ContextClassLoaderDispatch.java:32)
	at org.gradle.internal.dispatch.ProxyDispatchAdapter$DispatchingInvocationHandler.invoke(ProxyDispatchAdapter.java:93)
	at com.sun.proxy.$Proxy1.processTestClass(Unknown Source)
	at org.gradle.api.internal.tasks.testing.worker.TestWorker.processTestClass(TestWorker.java:109)
	at sun.reflect.NativeMethodAccessorImpl.invoke0(Native Method)
	at sun.reflect.NativeMethodAccessorImpl.invoke(NativeMethodAccessorImpl.java:62)
	at sun.reflect.DelegatingMethodAccessorImpl.invoke(DelegatingMethodAccessorImpl.java:43)
	at java.lang.reflect.Method.invoke(Method.java:498)
	at org.gradle.internal.dispatch.ReflectionDispatch.dispatch(ReflectionDispatch.java:35)
	at org.gradle.internal.dispatch.ReflectionDispatch.dispatch(ReflectionDispatch.java:24)
	at org.gradle.internal.remote.internal.hub.MessageHubBackedObjectConnection$DispatchWrapper.dispatch(MessageHubBackedObjectConnection.java:146)
	at org.gradle.internal.remote.internal.hub.MessageHubBackedObjectConnection$DispatchWrapper.dispatch(MessageHubBackedObjectConnection.java:128)
	at org.gradle.internal.remote.internal.hub.MessageHub$Handler.run(MessageHub.java:404)
	at org.gradle.internal.concurrent.ExecutorPolicy$CatchAndRecordFailures.onExecute(ExecutorPolicy.java:63)
	at org.gradle.internal.concurrent.ManagedExecutorImpl$1.run(ManagedExecutorImpl.java:46)
	at java.util.concurrent.ThreadPoolExecutor.runWorker(ThreadPoolExecutor.java:1149)
	at java.util.concurrent.ThreadPoolExecutor$Worker.run(ThreadPoolExecutor.java:624)
	at org.gradle.internal.concurrent.ThreadFactoryImpl$ManagedThreadRunnable.run(ThreadFactoryImpl.java:55)
	at java.lang.Thread.run(Thread.java:748)
</failure>
  </testcase>
  <testcase name="testExample[foreachloop01]" classname="mavlc.frontend.ast.ASTCompareTest" time="0.033">
    <failure message="java.lang.UnsupportedOperationException" type="java.lang.UnsupportedOperationException">java.lang.UnsupportedOperationException
	at mavlc.context_analysis.ContextualAnalysis.visitForEachLoop(ContextualAnalysis.java:349)
	at mavlc.context_analysis.ContextualAnalysis.visitForEachLoop(ContextualAnalysis.java:107)
	at mavlc.ast.nodes.statement.ForEachLoop.accept(ForEachLoop.java:94)
	at mavlc.context_analysis.ContextualAnalysis.visitFunction(ContextualAnalysis.java:192)
	at mavlc.context_analysis.ContextualAnalysis.visitFunction(ContextualAnalysis.java:107)
	at mavlc.ast.nodes.function.Function.accept(Function.java:73)
	at mavlc.context_analysis.ContextualAnalysis.visitModule(ContextualAnalysis.java:144)
	at mavlc.context_analysis.ContextualAnalysis.visitModule(ContextualAnalysis.java:107)
	at mavlc.ast.nodes.module.Module.accept(Module.java:47)
	at mavlc.Main.main(Main.java:144)
	at mavlc.frontend.ast.ASTCompareTest.testExample(ASTCompareTest.java:68)
	at sun.reflect.NativeMethodAccessorImpl.invoke0(Native Method)
	at sun.reflect.NativeMethodAccessorImpl.invoke(NativeMethodAccessorImpl.java:62)
	at sun.reflect.DelegatingMethodAccessorImpl.invoke(DelegatingMethodAccessorImpl.java:43)
	at java.lang.reflect.Method.invoke(Method.java:498)
	at org.junit.runners.model.FrameworkMethod$1.runReflectiveCall(FrameworkMethod.java:50)
	at org.junit.internal.runners.model.ReflectiveCallable.run(ReflectiveCallable.java:12)
	at org.junit.runners.model.FrameworkMethod.invokeExplosively(FrameworkMethod.java:47)
	at org.junit.internal.runners.statements.InvokeMethod.evaluate(InvokeMethod.java:17)
	at org.junit.runners.ParentRunner.runLeaf(ParentRunner.java:325)
	at org.junit.runners.BlockJUnit4ClassRunner.runChild(BlockJUnit4ClassRunner.java:78)
	at org.junit.runners.BlockJUnit4ClassRunner.runChild(BlockJUnit4ClassRunner.java:57)
	at org.junit.runners.ParentRunner$3.run(ParentRunner.java:290)
	at org.junit.runners.ParentRunner$1.schedule(ParentRunner.java:71)
	at org.junit.runners.ParentRunner.runChildren(ParentRunner.java:288)
	at org.junit.runners.ParentRunner.access$000(ParentRunner.java:58)
	at org.junit.runners.ParentRunner$2.evaluate(ParentRunner.java:268)
	at org.junit.runners.ParentRunner.run(ParentRunner.java:363)
	at org.junit.runners.Suite.runChild(Suite.java:128)
	at org.junit.runners.Suite.runChild(Suite.java:27)
	at org.junit.runners.ParentRunner$3.run(ParentRunner.java:290)
	at org.junit.runners.ParentRunner$1.schedule(ParentRunner.java:71)
	at org.junit.runners.ParentRunner.runChildren(ParentRunner.java:288)
	at org.junit.runners.ParentRunner.access$000(ParentRunner.java:58)
	at org.junit.runners.ParentRunner$2.evaluate(ParentRunner.java:268)
	at org.junit.runners.ParentRunner.run(ParentRunner.java:363)
	at org.gradle.api.internal.tasks.testing.junit.JUnitTestClassExecuter.runTestClass(JUnitTestClassExecuter.java:114)
	at org.gradle.api.internal.tasks.testing.junit.JUnitTestClassExecuter.execute(JUnitTestClassExecuter.java:57)
	at org.gradle.api.internal.tasks.testing.junit.JUnitTestClassProcessor.processTestClass(JUnitTestClassProcessor.java:66)
	at org.gradle.api.internal.tasks.testing.SuiteTestClassProcessor.processTestClass(SuiteTestClassProcessor.java:51)
	at sun.reflect.NativeMethodAccessorImpl.invoke0(Native Method)
	at sun.reflect.NativeMethodAccessorImpl.invoke(NativeMethodAccessorImpl.java:62)
	at sun.reflect.DelegatingMethodAccessorImpl.invoke(DelegatingMethodAccessorImpl.java:43)
	at java.lang.reflect.Method.invoke(Method.java:498)
	at org.gradle.internal.dispatch.ReflectionDispatch.dispatch(ReflectionDispatch.java:35)
	at org.gradle.internal.dispatch.ReflectionDispatch.dispatch(ReflectionDispatch.java:24)
	at org.gradle.internal.dispatch.ContextClassLoaderDispatch.dispatch(ContextClassLoaderDispatch.java:32)
	at org.gradle.internal.dispatch.ProxyDispatchAdapter$DispatchingInvocationHandler.invoke(ProxyDispatchAdapter.java:93)
	at com.sun.proxy.$Proxy1.processTestClass(Unknown Source)
	at org.gradle.api.internal.tasks.testing.worker.TestWorker.processTestClass(TestWorker.java:109)
	at sun.reflect.NativeMethodAccessorImpl.invoke0(Native Method)
	at sun.reflect.NativeMethodAccessorImpl.invoke(NativeMethodAccessorImpl.java:62)
	at sun.reflect.DelegatingMethodAccessorImpl.invoke(DelegatingMethodAccessorImpl.java:43)
	at java.lang.reflect.Method.invoke(Method.java:498)
	at org.gradle.internal.dispatch.ReflectionDispatch.dispatch(ReflectionDispatch.java:35)
	at org.gradle.internal.dispatch.ReflectionDispatch.dispatch(ReflectionDispatch.java:24)
	at org.gradle.internal.remote.internal.hub.MessageHubBackedObjectConnection$DispatchWrapper.dispatch(MessageHubBackedObjectConnection.java:146)
	at org.gradle.internal.remote.internal.hub.MessageHubBackedObjectConnection$DispatchWrapper.dispatch(MessageHubBackedObjectConnection.java:128)
	at org.gradle.internal.remote.internal.hub.MessageHub$Handler.run(MessageHub.java:404)
	at org.gradle.internal.concurrent.ExecutorPolicy$CatchAndRecordFailures.onExecute(ExecutorPolicy.java:63)
	at org.gradle.internal.concurrent.ManagedExecutorImpl$1.run(ManagedExecutorImpl.java:46)
	at java.util.concurrent.ThreadPoolExecutor.runWorker(ThreadPoolExecutor.java:1149)
	at java.util.concurrent.ThreadPoolExecutor$Worker.run(ThreadPoolExecutor.java:624)
	at org.gradle.internal.concurrent.ThreadFactoryImpl$ManagedThreadRunnable.run(ThreadFactoryImpl.java:55)
	at java.lang.Thread.run(Thread.java:748)
</failure>
  </testcase>
  <testcase name="testExample[compound01]" classname="mavlc.frontend.ast.ASTCompareTest" time="0.155">
    <failure message="org.junit.ComparisonFailure: Expected child nodelist length '4' but was '3' - comparing &lt;identifier...&gt; at /module[1]/function[1]/functionBody[1]/varAssign[1]/identifier[1] to &lt;identifier...&gt; at /module[1]/function[1]/functionBody[1]/varAssign[1]/identifier[1] expected:&lt;...me&gt;x&lt;/name&gt;&#10;        [  &lt;declaration class=&quot;varDecl&quot; reference=&quot;../../../varDecl&quot;/&gt;&#10;        &lt;/identifier&gt;&#10;        &lt;value class=&quot;intVal&quot;&gt;&#10;          &lt;srcLine&gt;3&lt;/srcLine&gt;&#10;          &lt;srcColumn&gt;8&lt;/srcColumn&gt;&#10;          &lt;val&gt;10&lt;/val&gt;&#10;        &lt;/value&gt;&#10;      &lt;/varAssign&gt;&#10;      &lt;compoundStmt&gt;&#10;        &lt;srcLine&gt;5&lt;/srcLine&gt;&#10;        &lt;srcColumn&gt;4&lt;/srcColumn&gt;&#10;        &lt;statements&gt;&#10;          &lt;valDef&gt;&#10;            &lt;srcLine&gt;6&lt;/srcLine&gt;&#10;            &lt;srcColumn&gt;8&lt;/srcColumn&gt;&#10;            &lt;type class=&quot;intType&quot; reference=&quot;../../../../varDecl/type&quot;/&gt;&#10;            &lt;name&gt;x&lt;/name&gt;&#10;            &lt;localBaseOffset&gt;0&lt;/localBaseOffset&gt;&#10;            &lt;value class=&quot;intVal&quot;&gt;&#10;              &lt;srcLine&gt;6&lt;/srcLine&gt;&#10;              &lt;srcColumn&gt;20&lt;/srcColumn&gt;&#10;              &lt;val&gt;33&lt;/val&gt;&#10;            &lt;/value&gt;&#10;          &lt;/valDef&gt;&#10;          &lt;varDecl&gt;&#10;            &lt;srcLine&gt;7&lt;/srcLine&gt;&#10;            &lt;srcColumn&gt;8&lt;/srcColumn&gt;&#10;            &lt;type class=&quot;intType&quot; reference=&quot;../../../../varDecl/type&quot;/&gt;&#10;            &lt;name&gt;y&lt;/name&gt;&#10;            &lt;localBaseOffset&gt;0&lt;/localBaseOffset&gt;&#10;          &lt;/varDecl&gt;&#10;          &lt;varAssign&gt;&#10;            &lt;srcLine&gt;8&lt;/srcLine&gt;&#10;            &lt;srcColumn&gt;8&lt;/srcColumn&gt;&#10;            &lt;identifier&gt;&#10;              &lt;srcLine&gt;8&lt;/srcLine&gt;&#10;              &lt;srcColumn&gt;8&lt;/srcColumn&gt;&#10;              &lt;name&gt;y&lt;/name&gt;&#10;              &lt;declaration class=&quot;varDecl&quot; reference=&quot;../../../varDecl&quot;/]&gt;&#10;            &lt;/iden...&gt; but was:&lt;...me&gt;x&lt;/name&gt;&#10;        [&lt;/identifier&gt;&#10;        &lt;value class=&quot;intVal&quot;&gt;&#10;          &lt;srcLine&gt;3&lt;/srcLine&gt;&#10;          &lt;srcColumn&gt;8&lt;/srcColumn&gt;&#10;          &lt;val&gt;10&lt;/val&gt;&#10;        &lt;/value&gt;&#10;      &lt;/varAssign&gt;&#10;      &lt;compoundStmt&gt;&#10;        &lt;srcLine&gt;5&lt;/srcLine&gt;&#10;        &lt;srcColumn&gt;4&lt;/srcColumn&gt;&#10;        &lt;statements&gt;&#10;          &lt;valDef&gt;&#10;            &lt;srcLine&gt;6&lt;/srcLine&gt;&#10;            &lt;srcColumn&gt;8&lt;/srcColumn&gt;&#10;            &lt;type class=&quot;intType&quot; reference=&quot;../../../../varDecl/type&quot;/&gt;&#10;            &lt;name&gt;x&lt;/name&gt;&#10;            &lt;localBaseOffset&gt;0&lt;/localBaseOffset&gt;&#10;            &lt;value class=&quot;intVal&quot;&gt;&#10;              &lt;srcLine&gt;6&lt;/srcLine&gt;&#10;              &lt;srcColumn&gt;20&lt;/srcColumn&gt;&#10;              &lt;val&gt;33&lt;/val&gt;&#10;            &lt;/value&gt;&#10;          &lt;/valDef&gt;&#10;          &lt;varDecl&gt;&#10;            &lt;srcLine&gt;7&lt;/srcLine&gt;&#10;            &lt;srcColumn&gt;8&lt;/srcColumn&gt;&#10;            &lt;type class=&quot;intType&quot; reference=&quot;../../../../varDecl/type&quot;/&gt;&#10;            &lt;name&gt;y&lt;/name&gt;&#10;            &lt;localBaseOffset&gt;0&lt;/localBaseOffset&gt;&#10;          &lt;/varDecl&gt;&#10;          &lt;varAssign&gt;&#10;            &lt;srcLine&gt;8&lt;/srcLine&gt;&#10;            &lt;srcColumn&gt;8&lt;/srcColumn&gt;&#10;            &lt;identifier&gt;&#10;              &lt;srcLine&gt;8&lt;/srcLine&gt;&#10;              &lt;srcColumn&gt;8&lt;/srcColumn&gt;&#10;              &lt;name&gt;y&lt;/name]&gt;&#10;            &lt;/iden...&gt;" type="org.junit.ComparisonFailure">org.junit.ComparisonFailure: Expected child nodelist length '4' but was '3' - comparing &lt;identifier...&gt; at /module[1]/function[1]/functionBody[1]/varAssign[1]/identifier[1] to &lt;identifier...&gt; at /module[1]/function[1]/functionBody[1]/varAssign[1]/identifier[1] expected:&lt;...me&gt;x&lt;/name&gt;
        [  &lt;declaration class=&quot;varDecl&quot; reference=&quot;../../../varDecl&quot;/&gt;
        &lt;/identifier&gt;
        &lt;value class=&quot;intVal&quot;&gt;
          &lt;srcLine&gt;3&lt;/srcLine&gt;
          &lt;srcColumn&gt;8&lt;/srcColumn&gt;
          &lt;val&gt;10&lt;/val&gt;
        &lt;/value&gt;
      &lt;/varAssign&gt;
      &lt;compoundStmt&gt;
        &lt;srcLine&gt;5&lt;/srcLine&gt;
        &lt;srcColumn&gt;4&lt;/srcColumn&gt;
        &lt;statements&gt;
          &lt;valDef&gt;
            &lt;srcLine&gt;6&lt;/srcLine&gt;
            &lt;srcColumn&gt;8&lt;/srcColumn&gt;
            &lt;type class=&quot;intType&quot; reference=&quot;../../../../varDecl/type&quot;/&gt;
            &lt;name&gt;x&lt;/name&gt;
            &lt;localBaseOffset&gt;0&lt;/localBaseOffset&gt;
            &lt;value class=&quot;intVal&quot;&gt;
              &lt;srcLine&gt;6&lt;/srcLine&gt;
              &lt;srcColumn&gt;20&lt;/srcColumn&gt;
              &lt;val&gt;33&lt;/val&gt;
            &lt;/value&gt;
          &lt;/valDef&gt;
          &lt;varDecl&gt;
            &lt;srcLine&gt;7&lt;/srcLine&gt;
            &lt;srcColumn&gt;8&lt;/srcColumn&gt;
            &lt;type class=&quot;intType&quot; reference=&quot;../../../../varDecl/type&quot;/&gt;
            &lt;name&gt;y&lt;/name&gt;
            &lt;localBaseOffset&gt;0&lt;/localBaseOffset&gt;
          &lt;/varDecl&gt;
          &lt;varAssign&gt;
            &lt;srcLine&gt;8&lt;/srcLine&gt;
            &lt;srcColumn&gt;8&lt;/srcColumn&gt;
            &lt;identifier&gt;
              &lt;srcLine&gt;8&lt;/srcLine&gt;
              &lt;srcColumn&gt;8&lt;/srcColumn&gt;
              &lt;name&gt;y&lt;/name&gt;
              &lt;declaration class=&quot;varDecl&quot; reference=&quot;../../../varDecl&quot;/]&gt;
            &lt;/iden...&gt; but was:&lt;...me&gt;x&lt;/name&gt;
        [&lt;/identifier&gt;
        &lt;value class=&quot;intVal&quot;&gt;
          &lt;srcLine&gt;3&lt;/srcLine&gt;
          &lt;srcColumn&gt;8&lt;/srcColumn&gt;
          &lt;val&gt;10&lt;/val&gt;
        &lt;/value&gt;
      &lt;/varAssign&gt;
      &lt;compoundStmt&gt;
        &lt;srcLine&gt;5&lt;/srcLine&gt;
        &lt;srcColumn&gt;4&lt;/srcColumn&gt;
        &lt;statements&gt;
          &lt;valDef&gt;
            &lt;srcLine&gt;6&lt;/srcLine&gt;
            &lt;srcColumn&gt;8&lt;/srcColumn&gt;
            &lt;type class=&quot;intType&quot; reference=&quot;../../../../varDecl/type&quot;/&gt;
            &lt;name&gt;x&lt;/name&gt;
            &lt;localBaseOffset&gt;0&lt;/localBaseOffset&gt;
            &lt;value class=&quot;intVal&quot;&gt;
              &lt;srcLine&gt;6&lt;/srcLine&gt;
              &lt;srcColumn&gt;20&lt;/srcColumn&gt;
              &lt;val&gt;33&lt;/val&gt;
            &lt;/value&gt;
          &lt;/valDef&gt;
          &lt;varDecl&gt;
            &lt;srcLine&gt;7&lt;/srcLine&gt;
            &lt;srcColumn&gt;8&lt;/srcColumn&gt;
            &lt;type class=&quot;intType&quot; reference=&quot;../../../../varDecl/type&quot;/&gt;
            &lt;name&gt;y&lt;/name&gt;
            &lt;localBaseOffset&gt;0&lt;/localBaseOffset&gt;
          &lt;/varDecl&gt;
          &lt;varAssign&gt;
            &lt;srcLine&gt;8&lt;/srcLine&gt;
            &lt;srcColumn&gt;8&lt;/srcColumn&gt;
            &lt;identifier&gt;
              &lt;srcLine&gt;8&lt;/srcLine&gt;
              &lt;srcColumn&gt;8&lt;/srcColumn&gt;
              &lt;name&gt;y&lt;/name]&gt;
            &lt;/iden...&gt;
	at sun.reflect.NativeConstructorAccessorImpl.newInstance0(Native Method)
	at sun.reflect.NativeConstructorAccessorImpl.newInstance(NativeConstructorAccessorImpl.java:62)
	at sun.reflect.DelegatingConstructorAccessorImpl.newInstance(DelegatingConstructorAccessorImpl.java:45)
	at java.lang.reflect.Constructor.newInstance(Constructor.java:423)
	at org.xmlunit.matchers.CompareMatcher.createComparisonFailure(CompareMatcher.java:315)
	at org.xmlunit.matchers.CompareMatcher.createComparisonFailure(CompareMatcher.java:299)
	at org.xmlunit.matchers.CompareMatcher.matches(CompareMatcher.java:279)
	at org.hamcrest.MatcherAssert.assertThat(MatcherAssert.java:12)
	at org.junit.Assert.assertThat(Assert.java:956)
	at org.junit.Assert.assertThat(Assert.java:923)
	at mavlc.frontend.ast.ASTCompareTest.testExample(ASTCompareTest.java:69)
	at sun.reflect.NativeMethodAccessorImpl.invoke0(Native Method)
	at sun.reflect.NativeMethodAccessorImpl.invoke(NativeMethodAccessorImpl.java:62)
	at sun.reflect.DelegatingMethodAccessorImpl.invoke(DelegatingMethodAccessorImpl.java:43)
	at java.lang.reflect.Method.invoke(Method.java:498)
	at org.junit.runners.model.FrameworkMethod$1.runReflectiveCall(FrameworkMethod.java:50)
	at org.junit.internal.runners.model.ReflectiveCallable.run(ReflectiveCallable.java:12)
	at org.junit.runners.model.FrameworkMethod.invokeExplosively(FrameworkMethod.java:47)
	at org.junit.internal.runners.statements.InvokeMethod.evaluate(InvokeMethod.java:17)
	at org.junit.runners.ParentRunner.runLeaf(ParentRunner.java:325)
	at org.junit.runners.BlockJUnit4ClassRunner.runChild(BlockJUnit4ClassRunner.java:78)
	at org.junit.runners.BlockJUnit4ClassRunner.runChild(BlockJUnit4ClassRunner.java:57)
	at org.junit.runners.ParentRunner$3.run(ParentRunner.java:290)
	at org.junit.runners.ParentRunner$1.schedule(ParentRunner.java:71)
	at org.junit.runners.ParentRunner.runChildren(ParentRunner.java:288)
	at org.junit.runners.ParentRunner.access$000(ParentRunner.java:58)
	at org.junit.runners.ParentRunner$2.evaluate(ParentRunner.java:268)
	at org.junit.runners.ParentRunner.run(ParentRunner.java:363)
	at org.junit.runners.Suite.runChild(Suite.java:128)
	at org.junit.runners.Suite.runChild(Suite.java:27)
	at org.junit.runners.ParentRunner$3.run(ParentRunner.java:290)
	at org.junit.runners.ParentRunner$1.schedule(ParentRunner.java:71)
	at org.junit.runners.ParentRunner.runChildren(ParentRunner.java:288)
	at org.junit.runners.ParentRunner.access$000(ParentRunner.java:58)
	at org.junit.runners.ParentRunner$2.evaluate(ParentRunner.java:268)
	at org.junit.runners.ParentRunner.run(ParentRunner.java:363)
	at org.gradle.api.internal.tasks.testing.junit.JUnitTestClassExecuter.runTestClass(JUnitTestClassExecuter.java:114)
	at org.gradle.api.internal.tasks.testing.junit.JUnitTestClassExecuter.execute(JUnitTestClassExecuter.java:57)
	at org.gradle.api.internal.tasks.testing.junit.JUnitTestClassProcessor.processTestClass(JUnitTestClassProcessor.java:66)
	at org.gradle.api.internal.tasks.testing.SuiteTestClassProcessor.processTestClass(SuiteTestClassProcessor.java:51)
	at sun.reflect.NativeMethodAccessorImpl.invoke0(Native Method)
	at sun.reflect.NativeMethodAccessorImpl.invoke(NativeMethodAccessorImpl.java:62)
	at sun.reflect.DelegatingMethodAccessorImpl.invoke(DelegatingMethodAccessorImpl.java:43)
	at java.lang.reflect.Method.invoke(Method.java:498)
	at org.gradle.internal.dispatch.ReflectionDispatch.dispatch(ReflectionDispatch.java:35)
	at org.gradle.internal.dispatch.ReflectionDispatch.dispatch(ReflectionDispatch.java:24)
	at org.gradle.internal.dispatch.ContextClassLoaderDispatch.dispatch(ContextClassLoaderDispatch.java:32)
	at org.gradle.internal.dispatch.ProxyDispatchAdapter$DispatchingInvocationHandler.invoke(ProxyDispatchAdapter.java:93)
	at com.sun.proxy.$Proxy1.processTestClass(Unknown Source)
	at org.gradle.api.internal.tasks.testing.worker.TestWorker.processTestClass(TestWorker.java:109)
	at sun.reflect.NativeMethodAccessorImpl.invoke0(Native Method)
	at sun.reflect.NativeMethodAccessorImpl.invoke(NativeMethodAccessorImpl.java:62)
	at sun.reflect.DelegatingMethodAccessorImpl.invoke(DelegatingMethodAccessorImpl.java:43)
	at java.lang.reflect.Method.invoke(Method.java:498)
	at org.gradle.internal.dispatch.ReflectionDispatch.dispatch(ReflectionDispatch.java:35)
	at org.gradle.internal.dispatch.ReflectionDispatch.dispatch(ReflectionDispatch.java:24)
	at org.gradle.internal.remote.internal.hub.MessageHubBackedObjectConnection$DispatchWrapper.dispatch(MessageHubBackedObjectConnection.java:146)
	at org.gradle.internal.remote.internal.hub.MessageHubBackedObjectConnection$DispatchWrapper.dispatch(MessageHubBackedObjectConnection.java:128)
	at org.gradle.internal.remote.internal.hub.MessageHub$Handler.run(MessageHub.java:404)
	at org.gradle.internal.concurrent.ExecutorPolicy$CatchAndRecordFailures.onExecute(ExecutorPolicy.java:63)
	at org.gradle.internal.concurrent.ManagedExecutorImpl$1.run(ManagedExecutorImpl.java:46)
	at java.util.concurrent.ThreadPoolExecutor.runWorker(ThreadPoolExecutor.java:1149)
	at java.util.concurrent.ThreadPoolExecutor$Worker.run(ThreadPoolExecutor.java:624)
	at org.gradle.internal.concurrent.ThreadFactoryImpl$ManagedThreadRunnable.run(ThreadFactoryImpl.java:55)
	at java.lang.Thread.run(Thread.java:748)
</failure>
  </testcase>
  <testcase name="testExample[compound02]" classname="mavlc.frontend.ast.ASTCompareTest" time="0.039">
    <failure message="org.junit.ComparisonFailure: Expected child nodelist length '4' but was '3' - comparing &lt;identifier...&gt; at /module[1]/function[1]/functionBody[1]/varAssign[1]/identifier[1] to &lt;identifier...&gt; at /module[1]/function[1]/functionBody[1]/varAssign[1]/identifier[1] expected:&lt;...me&gt;x&lt;/name&gt;&#10;        [  &lt;declaration class=&quot;varDecl&quot; reference=&quot;../../../varDecl&quot;/&gt;&#10;        &lt;/identifier&gt;&#10;        &lt;value class=&quot;intVal&quot;&gt;&#10;          &lt;srcLine&gt;5&lt;/srcLine&gt;&#10;          &lt;srcColumn&gt;8&lt;/srcColumn&gt;&#10;          &lt;val&gt;11&lt;/val&gt;&#10;        &lt;/value&gt;&#10;      &lt;/varAssign&gt;&#10;      &lt;varAssign&gt;&#10;        &lt;srcLine&gt;6&lt;/srcLine&gt;&#10;        &lt;srcColumn&gt;4&lt;/srcColumn&gt;&#10;        &lt;identifier&gt;&#10;          &lt;srcLine&gt;6&lt;/srcLine&gt;&#10;          &lt;srcColumn&gt;4&lt;/srcColumn&gt;&#10;          &lt;name&gt;y&lt;/name&gt;&#10;          &lt;declaration class=&quot;varDecl&quot; reference=&quot;../../../varDecl[2]&quot;/&gt;&#10;        &lt;/identifier&gt;&#10;        &lt;value class=&quot;intVal&quot;&gt;&#10;          &lt;srcLine&gt;6&lt;/srcLine&gt;&#10;          &lt;srcColumn&gt;8&lt;/srcColumn&gt;&#10;          &lt;val&gt;22&lt;/val&gt;&#10;        &lt;/value&gt;&#10;      &lt;/varAssign&gt;&#10;      &lt;compoundStmt&gt;&#10;        &lt;srcLine&gt;8&lt;/srcLine&gt;&#10;        &lt;srcColumn&gt;4&lt;/srcColumn&gt;&#10;        &lt;statements&gt;&#10;          &lt;compoundStmt&gt;&#10;            &lt;srcLine&gt;9&lt;/srcLine&gt;&#10;            &lt;srcColumn&gt;8&lt;/srcColumn&gt;&#10;            &lt;statements&gt;&#10;              &lt;valDef&gt;&#10;                &lt;srcLine&gt;10&lt;/srcLine&gt;&#10;                &lt;srcColumn&gt;12&lt;/srcColumn&gt;&#10;                &lt;type class=&quot;intType&quot; reference=&quot;../../../../../../varDecl/type&quot;/&gt;&#10;                &lt;name&gt;y&lt;/name&gt;&#10;                &lt;localBaseOffset&gt;0&lt;/localBaseOffset&gt;&#10;                &lt;value class=&quot;intVal&quot;&gt;&#10;                  &lt;srcLine&gt;10&lt;/srcLine&gt;&#10;                  &lt;srcColumn&gt;24&lt;/srcColumn&gt;&#10;                  &lt;val&gt;33&lt;/val&gt;&#10;                &lt;/value&gt;&#10;              &lt;/valDef&gt;&#10;            &lt;/statements&gt;&#10;          &lt;/compoundStmt&gt;&#10;          &lt;varAssign&gt;&#10;            &lt;srcLine&gt;12&lt;/srcLine&gt;&#10;            &lt;srcColumn&gt;8&lt;/srcColumn&gt;&#10;            &lt;identifier&gt;&#10;              &lt;srcLine&gt;12&lt;/srcLine&gt;&#10;              &lt;srcColumn&gt;8&lt;/srcColumn&gt;&#10;              &lt;name&gt;y&lt;/name&gt;&#10;              &lt;declaration class=&quot;varDecl&quot; reference=&quot;../../../../../varDecl[2]&quot;/]&gt;&#10;            &lt;/iden...&gt; but was:&lt;...me&gt;x&lt;/name&gt;&#10;        [&lt;/identifier&gt;&#10;        &lt;value class=&quot;intVal&quot;&gt;&#10;          &lt;srcLine&gt;5&lt;/srcLine&gt;&#10;          &lt;srcColumn&gt;8&lt;/srcColumn&gt;&#10;          &lt;val&gt;11&lt;/val&gt;&#10;        &lt;/value&gt;&#10;      &lt;/varAssign&gt;&#10;      &lt;varAssign&gt;&#10;        &lt;srcLine&gt;6&lt;/srcLine&gt;&#10;        &lt;srcColumn&gt;4&lt;/srcColumn&gt;&#10;        &lt;identifier&gt;&#10;          &lt;srcLine&gt;6&lt;/srcLine&gt;&#10;          &lt;srcColumn&gt;4&lt;/srcColumn&gt;&#10;          &lt;name&gt;y&lt;/name&gt;&#10;        &lt;/identifier&gt;&#10;        &lt;value class=&quot;intVal&quot;&gt;&#10;          &lt;srcLine&gt;6&lt;/srcLine&gt;&#10;          &lt;srcColumn&gt;8&lt;/srcColumn&gt;&#10;          &lt;val&gt;22&lt;/val&gt;&#10;        &lt;/value&gt;&#10;      &lt;/varAssign&gt;&#10;      &lt;compoundStmt&gt;&#10;        &lt;srcLine&gt;8&lt;/srcLine&gt;&#10;        &lt;srcColumn&gt;4&lt;/srcColumn&gt;&#10;        &lt;statements&gt;&#10;          &lt;compoundStmt&gt;&#10;            &lt;srcLine&gt;9&lt;/srcLine&gt;&#10;            &lt;srcColumn&gt;8&lt;/srcColumn&gt;&#10;            &lt;statements&gt;&#10;              &lt;valDef&gt;&#10;                &lt;srcLine&gt;10&lt;/srcLine&gt;&#10;                &lt;srcColumn&gt;12&lt;/srcColumn&gt;&#10;                &lt;type class=&quot;intType&quot; reference=&quot;../../../../../../varDecl/type&quot;/&gt;&#10;                &lt;name&gt;y&lt;/name&gt;&#10;                &lt;localBaseOffset&gt;0&lt;/localBaseOffset&gt;&#10;                &lt;value class=&quot;intVal&quot;&gt;&#10;                  &lt;srcLine&gt;10&lt;/srcLine&gt;&#10;                  &lt;srcColumn&gt;24&lt;/srcColumn&gt;&#10;                  &lt;val&gt;33&lt;/val&gt;&#10;                &lt;/value&gt;&#10;              &lt;/valDef&gt;&#10;            &lt;/statements&gt;&#10;          &lt;/compoundStmt&gt;&#10;          &lt;varAssign&gt;&#10;            &lt;srcLine&gt;12&lt;/srcLine&gt;&#10;            &lt;srcColumn&gt;8&lt;/srcColumn&gt;&#10;            &lt;identifier&gt;&#10;              &lt;srcLine&gt;12&lt;/srcLine&gt;&#10;              &lt;srcColumn&gt;8&lt;/srcColumn&gt;&#10;              &lt;name&gt;y&lt;/name]&gt;&#10;            &lt;/iden...&gt;" type="org.junit.ComparisonFailure">org.junit.ComparisonFailure: Expected child nodelist length '4' but was '3' - comparing &lt;identifier...&gt; at /module[1]/function[1]/functionBody[1]/varAssign[1]/identifier[1] to &lt;identifier...&gt; at /module[1]/function[1]/functionBody[1]/varAssign[1]/identifier[1] expected:&lt;...me&gt;x&lt;/name&gt;
        [  &lt;declaration class=&quot;varDecl&quot; reference=&quot;../../../varDecl&quot;/&gt;
        &lt;/identifier&gt;
        &lt;value class=&quot;intVal&quot;&gt;
          &lt;srcLine&gt;5&lt;/srcLine&gt;
          &lt;srcColumn&gt;8&lt;/srcColumn&gt;
          &lt;val&gt;11&lt;/val&gt;
        &lt;/value&gt;
      &lt;/varAssign&gt;
      &lt;varAssign&gt;
        &lt;srcLine&gt;6&lt;/srcLine&gt;
        &lt;srcColumn&gt;4&lt;/srcColumn&gt;
        &lt;identifier&gt;
          &lt;srcLine&gt;6&lt;/srcLine&gt;
          &lt;srcColumn&gt;4&lt;/srcColumn&gt;
          &lt;name&gt;y&lt;/name&gt;
          &lt;declaration class=&quot;varDecl&quot; reference=&quot;../../../varDecl[2]&quot;/&gt;
        &lt;/identifier&gt;
        &lt;value class=&quot;intVal&quot;&gt;
          &lt;srcLine&gt;6&lt;/srcLine&gt;
          &lt;srcColumn&gt;8&lt;/srcColumn&gt;
          &lt;val&gt;22&lt;/val&gt;
        &lt;/value&gt;
      &lt;/varAssign&gt;
      &lt;compoundStmt&gt;
        &lt;srcLine&gt;8&lt;/srcLine&gt;
        &lt;srcColumn&gt;4&lt;/srcColumn&gt;
        &lt;statements&gt;
          &lt;compoundStmt&gt;
            &lt;srcLine&gt;9&lt;/srcLine&gt;
            &lt;srcColumn&gt;8&lt;/srcColumn&gt;
            &lt;statements&gt;
              &lt;valDef&gt;
                &lt;srcLine&gt;10&lt;/srcLine&gt;
                &lt;srcColumn&gt;12&lt;/srcColumn&gt;
                &lt;type class=&quot;intType&quot; reference=&quot;../../../../../../varDecl/type&quot;/&gt;
                &lt;name&gt;y&lt;/name&gt;
                &lt;localBaseOffset&gt;0&lt;/localBaseOffset&gt;
                &lt;value class=&quot;intVal&quot;&gt;
                  &lt;srcLine&gt;10&lt;/srcLine&gt;
                  &lt;srcColumn&gt;24&lt;/srcColumn&gt;
                  &lt;val&gt;33&lt;/val&gt;
                &lt;/value&gt;
              &lt;/valDef&gt;
            &lt;/statements&gt;
          &lt;/compoundStmt&gt;
          &lt;varAssign&gt;
            &lt;srcLine&gt;12&lt;/srcLine&gt;
            &lt;srcColumn&gt;8&lt;/srcColumn&gt;
            &lt;identifier&gt;
              &lt;srcLine&gt;12&lt;/srcLine&gt;
              &lt;srcColumn&gt;8&lt;/srcColumn&gt;
              &lt;name&gt;y&lt;/name&gt;
              &lt;declaration class=&quot;varDecl&quot; reference=&quot;../../../../../varDecl[2]&quot;/]&gt;
            &lt;/iden...&gt; but was:&lt;...me&gt;x&lt;/name&gt;
        [&lt;/identifier&gt;
        &lt;value class=&quot;intVal&quot;&gt;
          &lt;srcLine&gt;5&lt;/srcLine&gt;
          &lt;srcColumn&gt;8&lt;/srcColumn&gt;
          &lt;val&gt;11&lt;/val&gt;
        &lt;/value&gt;
      &lt;/varAssign&gt;
      &lt;varAssign&gt;
        &lt;srcLine&gt;6&lt;/srcLine&gt;
        &lt;srcColumn&gt;4&lt;/srcColumn&gt;
        &lt;identifier&gt;
          &lt;srcLine&gt;6&lt;/srcLine&gt;
          &lt;srcColumn&gt;4&lt;/srcColumn&gt;
          &lt;name&gt;y&lt;/name&gt;
        &lt;/identifier&gt;
        &lt;value class=&quot;intVal&quot;&gt;
          &lt;srcLine&gt;6&lt;/srcLine&gt;
          &lt;srcColumn&gt;8&lt;/srcColumn&gt;
          &lt;val&gt;22&lt;/val&gt;
        &lt;/value&gt;
      &lt;/varAssign&gt;
      &lt;compoundStmt&gt;
        &lt;srcLine&gt;8&lt;/srcLine&gt;
        &lt;srcColumn&gt;4&lt;/srcColumn&gt;
        &lt;statements&gt;
          &lt;compoundStmt&gt;
            &lt;srcLine&gt;9&lt;/srcLine&gt;
            &lt;srcColumn&gt;8&lt;/srcColumn&gt;
            &lt;statements&gt;
              &lt;valDef&gt;
                &lt;srcLine&gt;10&lt;/srcLine&gt;
                &lt;srcColumn&gt;12&lt;/srcColumn&gt;
                &lt;type class=&quot;intType&quot; reference=&quot;../../../../../../varDecl/type&quot;/&gt;
                &lt;name&gt;y&lt;/name&gt;
                &lt;localBaseOffset&gt;0&lt;/localBaseOffset&gt;
                &lt;value class=&quot;intVal&quot;&gt;
                  &lt;srcLine&gt;10&lt;/srcLine&gt;
                  &lt;srcColumn&gt;24&lt;/srcColumn&gt;
                  &lt;val&gt;33&lt;/val&gt;
                &lt;/value&gt;
              &lt;/valDef&gt;
            &lt;/statements&gt;
          &lt;/compoundStmt&gt;
          &lt;varAssign&gt;
            &lt;srcLine&gt;12&lt;/srcLine&gt;
            &lt;srcColumn&gt;8&lt;/srcColumn&gt;
            &lt;identifier&gt;
              &lt;srcLine&gt;12&lt;/srcLine&gt;
              &lt;srcColumn&gt;8&lt;/srcColumn&gt;
              &lt;name&gt;y&lt;/name]&gt;
            &lt;/iden...&gt;
	at sun.reflect.NativeConstructorAccessorImpl.newInstance0(Native Method)
	at sun.reflect.NativeConstructorAccessorImpl.newInstance(NativeConstructorAccessorImpl.java:62)
	at sun.reflect.DelegatingConstructorAccessorImpl.newInstance(DelegatingConstructorAccessorImpl.java:45)
	at java.lang.reflect.Constructor.newInstance(Constructor.java:423)
	at org.xmlunit.matchers.CompareMatcher.createComparisonFailure(CompareMatcher.java:315)
	at org.xmlunit.matchers.CompareMatcher.createComparisonFailure(CompareMatcher.java:299)
	at org.xmlunit.matchers.CompareMatcher.matches(CompareMatcher.java:279)
	at org.hamcrest.MatcherAssert.assertThat(MatcherAssert.java:12)
	at org.junit.Assert.assertThat(Assert.java:956)
	at org.junit.Assert.assertThat(Assert.java:923)
	at mavlc.frontend.ast.ASTCompareTest.testExample(ASTCompareTest.java:69)
	at sun.reflect.NativeMethodAccessorImpl.invoke0(Native Method)
	at sun.reflect.NativeMethodAccessorImpl.invoke(NativeMethodAccessorImpl.java:62)
	at sun.reflect.DelegatingMethodAccessorImpl.invoke(DelegatingMethodAccessorImpl.java:43)
	at java.lang.reflect.Method.invoke(Method.java:498)
	at org.junit.runners.model.FrameworkMethod$1.runReflectiveCall(FrameworkMethod.java:50)
	at org.junit.internal.runners.model.ReflectiveCallable.run(ReflectiveCallable.java:12)
	at org.junit.runners.model.FrameworkMethod.invokeExplosively(FrameworkMethod.java:47)
	at org.junit.internal.runners.statements.InvokeMethod.evaluate(InvokeMethod.java:17)
	at org.junit.runners.ParentRunner.runLeaf(ParentRunner.java:325)
	at org.junit.runners.BlockJUnit4ClassRunner.runChild(BlockJUnit4ClassRunner.java:78)
	at org.junit.runners.BlockJUnit4ClassRunner.runChild(BlockJUnit4ClassRunner.java:57)
	at org.junit.runners.ParentRunner$3.run(ParentRunner.java:290)
	at org.junit.runners.ParentRunner$1.schedule(ParentRunner.java:71)
	at org.junit.runners.ParentRunner.runChildren(ParentRunner.java:288)
	at org.junit.runners.ParentRunner.access$000(ParentRunner.java:58)
	at org.junit.runners.ParentRunner$2.evaluate(ParentRunner.java:268)
	at org.junit.runners.ParentRunner.run(ParentRunner.java:363)
	at org.junit.runners.Suite.runChild(Suite.java:128)
	at org.junit.runners.Suite.runChild(Suite.java:27)
	at org.junit.runners.ParentRunner$3.run(ParentRunner.java:290)
	at org.junit.runners.ParentRunner$1.schedule(ParentRunner.java:71)
	at org.junit.runners.ParentRunner.runChildren(ParentRunner.java:288)
	at org.junit.runners.ParentRunner.access$000(ParentRunner.java:58)
	at org.junit.runners.ParentRunner$2.evaluate(ParentRunner.java:268)
	at org.junit.runners.ParentRunner.run(ParentRunner.java:363)
	at org.gradle.api.internal.tasks.testing.junit.JUnitTestClassExecuter.runTestClass(JUnitTestClassExecuter.java:114)
	at org.gradle.api.internal.tasks.testing.junit.JUnitTestClassExecuter.execute(JUnitTestClassExecuter.java:57)
	at org.gradle.api.internal.tasks.testing.junit.JUnitTestClassProcessor.processTestClass(JUnitTestClassProcessor.java:66)
	at org.gradle.api.internal.tasks.testing.SuiteTestClassProcessor.processTestClass(SuiteTestClassProcessor.java:51)
	at sun.reflect.NativeMethodAccessorImpl.invoke0(Native Method)
	at sun.reflect.NativeMethodAccessorImpl.invoke(NativeMethodAccessorImpl.java:62)
	at sun.reflect.DelegatingMethodAccessorImpl.invoke(DelegatingMethodAccessorImpl.java:43)
	at java.lang.reflect.Method.invoke(Method.java:498)
	at org.gradle.internal.dispatch.ReflectionDispatch.dispatch(ReflectionDispatch.java:35)
	at org.gradle.internal.dispatch.ReflectionDispatch.dispatch(ReflectionDispatch.java:24)
	at org.gradle.internal.dispatch.ContextClassLoaderDispatch.dispatch(ContextClassLoaderDispatch.java:32)
	at org.gradle.internal.dispatch.ProxyDispatchAdapter$DispatchingInvocationHandler.invoke(ProxyDispatchAdapter.java:93)
	at com.sun.proxy.$Proxy1.processTestClass(Unknown Source)
	at org.gradle.api.internal.tasks.testing.worker.TestWorker.processTestClass(TestWorker.java:109)
	at sun.reflect.NativeMethodAccessorImpl.invoke0(Native Method)
	at sun.reflect.NativeMethodAccessorImpl.invoke(NativeMethodAccessorImpl.java:62)
	at sun.reflect.DelegatingMethodAccessorImpl.invoke(DelegatingMethodAccessorImpl.java:43)
	at java.lang.reflect.Method.invoke(Method.java:498)
	at org.gradle.internal.dispatch.ReflectionDispatch.dispatch(ReflectionDispatch.java:35)
	at org.gradle.internal.dispatch.ReflectionDispatch.dispatch(ReflectionDispatch.java:24)
	at org.gradle.internal.remote.internal.hub.MessageHubBackedObjectConnection$DispatchWrapper.dispatch(MessageHubBackedObjectConnection.java:146)
	at org.gradle.internal.remote.internal.hub.MessageHubBackedObjectConnection$DispatchWrapper.dispatch(MessageHubBackedObjectConnection.java:128)
	at org.gradle.internal.remote.internal.hub.MessageHub$Handler.run(MessageHub.java:404)
	at org.gradle.internal.concurrent.ExecutorPolicy$CatchAndRecordFailures.onExecute(ExecutorPolicy.java:63)
	at org.gradle.internal.concurrent.ManagedExecutorImpl$1.run(ManagedExecutorImpl.java:46)
	at java.util.concurrent.ThreadPoolExecutor.runWorker(ThreadPoolExecutor.java:1149)
	at java.util.concurrent.ThreadPoolExecutor$Worker.run(ThreadPoolExecutor.java:624)
	at org.gradle.internal.concurrent.ThreadFactoryImpl$ManagedThreadRunnable.run(ThreadFactoryImpl.java:55)
	at java.lang.Thread.run(Thread.java:748)
</failure>
  </testcase>
  <testcase name="testExample[assign02]" classname="mavlc.frontend.ast.ASTCompareTest" time="0.012">
    <failure message="java.lang.UnsupportedOperationException" type="java.lang.UnsupportedOperationException">java.lang.UnsupportedOperationException
	at mavlc.context_analysis.ContextualAnalysis.visitRecordLHSIdentifier(ContextualAnalysis.java:305)
	at mavlc.context_analysis.ContextualAnalysis.visitRecordLHSIdentifier(ContextualAnalysis.java:107)
	at mavlc.ast.nodes.statement.RecordLHSIdentifier.accept(RecordLHSIdentifier.java:42)
	at mavlc.context_analysis.ContextualAnalysis.visitVariableAssignment(ContextualAnalysis.java:259)
	at mavlc.context_analysis.ContextualAnalysis.visitVariableAssignment(ContextualAnalysis.java:107)
	at mavlc.ast.nodes.statement.VariableAssignment.accept(VariableAssignment.java:51)
	at mavlc.context_analysis.ContextualAnalysis.visitFunction(ContextualAnalysis.java:192)
	at mavlc.context_analysis.ContextualAnalysis.visitFunction(ContextualAnalysis.java:107)
	at mavlc.ast.nodes.function.Function.accept(Function.java:73)
	at mavlc.context_analysis.ContextualAnalysis.visitModule(ContextualAnalysis.java:144)
	at mavlc.context_analysis.ContextualAnalysis.visitModule(ContextualAnalysis.java:107)
	at mavlc.ast.nodes.module.Module.accept(Module.java:47)
	at mavlc.Main.main(Main.java:144)
	at mavlc.frontend.ast.ASTCompareTest.testExample(ASTCompareTest.java:68)
	at sun.reflect.NativeMethodAccessorImpl.invoke0(Native Method)
	at sun.reflect.NativeMethodAccessorImpl.invoke(NativeMethodAccessorImpl.java:62)
	at sun.reflect.DelegatingMethodAccessorImpl.invoke(DelegatingMethodAccessorImpl.java:43)
	at java.lang.reflect.Method.invoke(Method.java:498)
	at org.junit.runners.model.FrameworkMethod$1.runReflectiveCall(FrameworkMethod.java:50)
	at org.junit.internal.runners.model.ReflectiveCallable.run(ReflectiveCallable.java:12)
	at org.junit.runners.model.FrameworkMethod.invokeExplosively(FrameworkMethod.java:47)
	at org.junit.internal.runners.statements.InvokeMethod.evaluate(InvokeMethod.java:17)
	at org.junit.runners.ParentRunner.runLeaf(ParentRunner.java:325)
	at org.junit.runners.BlockJUnit4ClassRunner.runChild(BlockJUnit4ClassRunner.java:78)
	at org.junit.runners.BlockJUnit4ClassRunner.runChild(BlockJUnit4ClassRunner.java:57)
	at org.junit.runners.ParentRunner$3.run(ParentRunner.java:290)
	at org.junit.runners.ParentRunner$1.schedule(ParentRunner.java:71)
	at org.junit.runners.ParentRunner.runChildren(ParentRunner.java:288)
	at org.junit.runners.ParentRunner.access$000(ParentRunner.java:58)
	at org.junit.runners.ParentRunner$2.evaluate(ParentRunner.java:268)
	at org.junit.runners.ParentRunner.run(ParentRunner.java:363)
	at org.junit.runners.Suite.runChild(Suite.java:128)
	at org.junit.runners.Suite.runChild(Suite.java:27)
	at org.junit.runners.ParentRunner$3.run(ParentRunner.java:290)
	at org.junit.runners.ParentRunner$1.schedule(ParentRunner.java:71)
	at org.junit.runners.ParentRunner.runChildren(ParentRunner.java:288)
	at org.junit.runners.ParentRunner.access$000(ParentRunner.java:58)
	at org.junit.runners.ParentRunner$2.evaluate(ParentRunner.java:268)
	at org.junit.runners.ParentRunner.run(ParentRunner.java:363)
	at org.gradle.api.internal.tasks.testing.junit.JUnitTestClassExecuter.runTestClass(JUnitTestClassExecuter.java:114)
	at org.gradle.api.internal.tasks.testing.junit.JUnitTestClassExecuter.execute(JUnitTestClassExecuter.java:57)
	at org.gradle.api.internal.tasks.testing.junit.JUnitTestClassProcessor.processTestClass(JUnitTestClassProcessor.java:66)
	at org.gradle.api.internal.tasks.testing.SuiteTestClassProcessor.processTestClass(SuiteTestClassProcessor.java:51)
	at sun.reflect.NativeMethodAccessorImpl.invoke0(Native Method)
	at sun.reflect.NativeMethodAccessorImpl.invoke(NativeMethodAccessorImpl.java:62)
	at sun.reflect.DelegatingMethodAccessorImpl.invoke(DelegatingMethodAccessorImpl.java:43)
	at java.lang.reflect.Method.invoke(Method.java:498)
	at org.gradle.internal.dispatch.ReflectionDispatch.dispatch(ReflectionDispatch.java:35)
	at org.gradle.internal.dispatch.ReflectionDispatch.dispatch(ReflectionDispatch.java:24)
	at org.gradle.internal.dispatch.ContextClassLoaderDispatch.dispatch(ContextClassLoaderDispatch.java:32)
	at org.gradle.internal.dispatch.ProxyDispatchAdapter$DispatchingInvocationHandler.invoke(ProxyDispatchAdapter.java:93)
	at com.sun.proxy.$Proxy1.processTestClass(Unknown Source)
	at org.gradle.api.internal.tasks.testing.worker.TestWorker.processTestClass(TestWorker.java:109)
	at sun.reflect.NativeMethodAccessorImpl.invoke0(Native Method)
	at sun.reflect.NativeMethodAccessorImpl.invoke(NativeMethodAccessorImpl.java:62)
	at sun.reflect.DelegatingMethodAccessorImpl.invoke(DelegatingMethodAccessorImpl.java:43)
	at java.lang.reflect.Method.invoke(Method.java:498)
	at org.gradle.internal.dispatch.ReflectionDispatch.dispatch(ReflectionDispatch.java:35)
	at org.gradle.internal.dispatch.ReflectionDispatch.dispatch(ReflectionDispatch.java:24)
	at org.gradle.internal.remote.internal.hub.MessageHubBackedObjectConnection$DispatchWrapper.dispatch(MessageHubBackedObjectConnection.java:146)
	at org.gradle.internal.remote.internal.hub.MessageHubBackedObjectConnection$DispatchWrapper.dispatch(MessageHubBackedObjectConnection.java:128)
	at org.gradle.internal.remote.internal.hub.MessageHub$Handler.run(MessageHub.java:404)
	at org.gradle.internal.concurrent.ExecutorPolicy$CatchAndRecordFailures.onExecute(ExecutorPolicy.java:63)
	at org.gradle.internal.concurrent.ManagedExecutorImpl$1.run(ManagedExecutorImpl.java:46)
	at java.util.concurrent.ThreadPoolExecutor.runWorker(ThreadPoolExecutor.java:1149)
	at java.util.concurrent.ThreadPoolExecutor$Worker.run(ThreadPoolExecutor.java:624)
	at org.gradle.internal.concurrent.ThreadFactoryImpl$ManagedThreadRunnable.run(ThreadFactoryImpl.java:55)
	at java.lang.Thread.run(Thread.java:748)
</failure>
  </testcase>
  <testcase name="testExample[assign01]" classname="mavlc.frontend.ast.ASTCompareTest" time="0.035">
    <failure message="org.junit.ComparisonFailure: Expected child nodelist length '4' but was '3' - comparing &lt;identifier...&gt; at /module[1]/function[1]/functionBody[1]/varAssign[1]/identifier[1] to &lt;identifier...&gt; at /module[1]/function[1]/functionBody[1]/varAssign[1]/identifier[1] expected:&lt;...me&gt;x&lt;/name&gt;&#10;        [  &lt;declaration class=&quot;varDecl&quot; reference=&quot;../../../varDecl&quot;/&gt;&#10;        &lt;/identifier&gt;&#10;        &lt;value class=&quot;intVal&quot;&gt;&#10;          &lt;srcLine&gt;5&lt;/srcLine&gt;&#10;          &lt;srcColumn&gt;8&lt;/srcColumn&gt;&#10;          &lt;val&gt;11&lt;/val&gt;&#10;        &lt;/value&gt;&#10;      &lt;/varAssign&gt;&#10;      &lt;varAssign&gt;&#10;        &lt;srcLine&gt;6&lt;/srcLine&gt;&#10;        &lt;srcColumn&gt;4&lt;/srcColumn&gt;&#10;        &lt;identifier&gt;&#10;          &lt;srcLine&gt;6&lt;/srcLine&gt;&#10;          &lt;srcColumn&gt;4&lt;/srcColumn&gt;&#10;          &lt;name&gt;y&lt;/name&gt;&#10;          &lt;declaration class=&quot;varDecl&quot; reference=&quot;../../../varDecl[2]&quot;/]&gt;&#10;        &lt;/identifi...&gt; but was:&lt;...me&gt;x&lt;/name&gt;&#10;        [&lt;/identifier&gt;&#10;        &lt;value class=&quot;intVal&quot;&gt;&#10;          &lt;srcLine&gt;5&lt;/srcLine&gt;&#10;          &lt;srcColumn&gt;8&lt;/srcColumn&gt;&#10;          &lt;val&gt;11&lt;/val&gt;&#10;        &lt;/value&gt;&#10;      &lt;/varAssign&gt;&#10;      &lt;varAssign&gt;&#10;        &lt;srcLine&gt;6&lt;/srcLine&gt;&#10;        &lt;srcColumn&gt;4&lt;/srcColumn&gt;&#10;        &lt;identifier&gt;&#10;          &lt;srcLine&gt;6&lt;/srcLine&gt;&#10;          &lt;srcColumn&gt;4&lt;/srcColumn&gt;&#10;          &lt;name&gt;y&lt;/name]&gt;&#10;        &lt;/identifi...&gt;" type="org.junit.ComparisonFailure">org.junit.ComparisonFailure: Expected child nodelist length '4' but was '3' - comparing &lt;identifier...&gt; at /module[1]/function[1]/functionBody[1]/varAssign[1]/identifier[1] to &lt;identifier...&gt; at /module[1]/function[1]/functionBody[1]/varAssign[1]/identifier[1] expected:&lt;...me&gt;x&lt;/name&gt;
        [  &lt;declaration class=&quot;varDecl&quot; reference=&quot;../../../varDecl&quot;/&gt;
        &lt;/identifier&gt;
        &lt;value class=&quot;intVal&quot;&gt;
          &lt;srcLine&gt;5&lt;/srcLine&gt;
          &lt;srcColumn&gt;8&lt;/srcColumn&gt;
          &lt;val&gt;11&lt;/val&gt;
        &lt;/value&gt;
      &lt;/varAssign&gt;
      &lt;varAssign&gt;
        &lt;srcLine&gt;6&lt;/srcLine&gt;
        &lt;srcColumn&gt;4&lt;/srcColumn&gt;
        &lt;identifier&gt;
          &lt;srcLine&gt;6&lt;/srcLine&gt;
          &lt;srcColumn&gt;4&lt;/srcColumn&gt;
          &lt;name&gt;y&lt;/name&gt;
          &lt;declaration class=&quot;varDecl&quot; reference=&quot;../../../varDecl[2]&quot;/]&gt;
        &lt;/identifi...&gt; but was:&lt;...me&gt;x&lt;/name&gt;
        [&lt;/identifier&gt;
        &lt;value class=&quot;intVal&quot;&gt;
          &lt;srcLine&gt;5&lt;/srcLine&gt;
          &lt;srcColumn&gt;8&lt;/srcColumn&gt;
          &lt;val&gt;11&lt;/val&gt;
        &lt;/value&gt;
      &lt;/varAssign&gt;
      &lt;varAssign&gt;
        &lt;srcLine&gt;6&lt;/srcLine&gt;
        &lt;srcColumn&gt;4&lt;/srcColumn&gt;
        &lt;identifier&gt;
          &lt;srcLine&gt;6&lt;/srcLine&gt;
          &lt;srcColumn&gt;4&lt;/srcColumn&gt;
          &lt;name&gt;y&lt;/name]&gt;
        &lt;/identifi...&gt;
	at sun.reflect.NativeConstructorAccessorImpl.newInstance0(Native Method)
	at sun.reflect.NativeConstructorAccessorImpl.newInstance(NativeConstructorAccessorImpl.java:62)
	at sun.reflect.DelegatingConstructorAccessorImpl.newInstance(DelegatingConstructorAccessorImpl.java:45)
	at java.lang.reflect.Constructor.newInstance(Constructor.java:423)
	at org.xmlunit.matchers.CompareMatcher.createComparisonFailure(CompareMatcher.java:315)
	at org.xmlunit.matchers.CompareMatcher.createComparisonFailure(CompareMatcher.java:299)
	at org.xmlunit.matchers.CompareMatcher.matches(CompareMatcher.java:279)
	at org.hamcrest.MatcherAssert.assertThat(MatcherAssert.java:12)
	at org.junit.Assert.assertThat(Assert.java:956)
	at org.junit.Assert.assertThat(Assert.java:923)
	at mavlc.frontend.ast.ASTCompareTest.testExample(ASTCompareTest.java:69)
	at sun.reflect.NativeMethodAccessorImpl.invoke0(Native Method)
	at sun.reflect.NativeMethodAccessorImpl.invoke(NativeMethodAccessorImpl.java:62)
	at sun.reflect.DelegatingMethodAccessorImpl.invoke(DelegatingMethodAccessorImpl.java:43)
	at java.lang.reflect.Method.invoke(Method.java:498)
	at org.junit.runners.model.FrameworkMethod$1.runReflectiveCall(FrameworkMethod.java:50)
	at org.junit.internal.runners.model.ReflectiveCallable.run(ReflectiveCallable.java:12)
	at org.junit.runners.model.FrameworkMethod.invokeExplosively(FrameworkMethod.java:47)
	at org.junit.internal.runners.statements.InvokeMethod.evaluate(InvokeMethod.java:17)
	at org.junit.runners.ParentRunner.runLeaf(ParentRunner.java:325)
	at org.junit.runners.BlockJUnit4ClassRunner.runChild(BlockJUnit4ClassRunner.java:78)
	at org.junit.runners.BlockJUnit4ClassRunner.runChild(BlockJUnit4ClassRunner.java:57)
	at org.junit.runners.ParentRunner$3.run(ParentRunner.java:290)
	at org.junit.runners.ParentRunner$1.schedule(ParentRunner.java:71)
	at org.junit.runners.ParentRunner.runChildren(ParentRunner.java:288)
	at org.junit.runners.ParentRunner.access$000(ParentRunner.java:58)
	at org.junit.runners.ParentRunner$2.evaluate(ParentRunner.java:268)
	at org.junit.runners.ParentRunner.run(ParentRunner.java:363)
	at org.junit.runners.Suite.runChild(Suite.java:128)
	at org.junit.runners.Suite.runChild(Suite.java:27)
	at org.junit.runners.ParentRunner$3.run(ParentRunner.java:290)
	at org.junit.runners.ParentRunner$1.schedule(ParentRunner.java:71)
	at org.junit.runners.ParentRunner.runChildren(ParentRunner.java:288)
	at org.junit.runners.ParentRunner.access$000(ParentRunner.java:58)
	at org.junit.runners.ParentRunner$2.evaluate(ParentRunner.java:268)
	at org.junit.runners.ParentRunner.run(ParentRunner.java:363)
	at org.gradle.api.internal.tasks.testing.junit.JUnitTestClassExecuter.runTestClass(JUnitTestClassExecuter.java:114)
	at org.gradle.api.internal.tasks.testing.junit.JUnitTestClassExecuter.execute(JUnitTestClassExecuter.java:57)
	at org.gradle.api.internal.tasks.testing.junit.JUnitTestClassProcessor.processTestClass(JUnitTestClassProcessor.java:66)
	at org.gradle.api.internal.tasks.testing.SuiteTestClassProcessor.processTestClass(SuiteTestClassProcessor.java:51)
	at sun.reflect.NativeMethodAccessorImpl.invoke0(Native Method)
	at sun.reflect.NativeMethodAccessorImpl.invoke(NativeMethodAccessorImpl.java:62)
	at sun.reflect.DelegatingMethodAccessorImpl.invoke(DelegatingMethodAccessorImpl.java:43)
	at java.lang.reflect.Method.invoke(Method.java:498)
	at org.gradle.internal.dispatch.ReflectionDispatch.dispatch(ReflectionDispatch.java:35)
	at org.gradle.internal.dispatch.ReflectionDispatch.dispatch(ReflectionDispatch.java:24)
	at org.gradle.internal.dispatch.ContextClassLoaderDispatch.dispatch(ContextClassLoaderDispatch.java:32)
	at org.gradle.internal.dispatch.ProxyDispatchAdapter$DispatchingInvocationHandler.invoke(ProxyDispatchAdapter.java:93)
	at com.sun.proxy.$Proxy1.processTestClass(Unknown Source)
	at org.gradle.api.internal.tasks.testing.worker.TestWorker.processTestClass(TestWorker.java:109)
	at sun.reflect.NativeMethodAccessorImpl.invoke0(Native Method)
	at sun.reflect.NativeMethodAccessorImpl.invoke(NativeMethodAccessorImpl.java:62)
	at sun.reflect.DelegatingMethodAccessorImpl.invoke(DelegatingMethodAccessorImpl.java:43)
	at java.lang.reflect.Method.invoke(Method.java:498)
	at org.gradle.internal.dispatch.ReflectionDispatch.dispatch(ReflectionDispatch.java:35)
	at org.gradle.internal.dispatch.ReflectionDispatch.dispatch(ReflectionDispatch.java:24)
	at org.gradle.internal.remote.internal.hub.MessageHubBackedObjectConnection$DispatchWrapper.dispatch(MessageHubBackedObjectConnection.java:146)
	at org.gradle.internal.remote.internal.hub.MessageHubBackedObjectConnection$DispatchWrapper.dispatch(MessageHubBackedObjectConnection.java:128)
	at org.gradle.internal.remote.internal.hub.MessageHub$Handler.run(MessageHub.java:404)
	at org.gradle.internal.concurrent.ExecutorPolicy$CatchAndRecordFailures.onExecute(ExecutorPolicy.java:63)
	at org.gradle.internal.concurrent.ManagedExecutorImpl$1.run(ManagedExecutorImpl.java:46)
	at java.util.concurrent.ThreadPoolExecutor.runWorker(ThreadPoolExecutor.java:1149)
	at java.util.concurrent.ThreadPoolExecutor$Worker.run(ThreadPoolExecutor.java:624)
	at org.gradle.internal.concurrent.ThreadFactoryImpl$ManagedThreadRunnable.run(ThreadFactoryImpl.java:55)
	at java.lang.Thread.run(Thread.java:748)
</failure>
  </testcase>
  <testcase name="testExample[arith04]" classname="mavlc.frontend.ast.ASTCompareTest" time="0.013">
    <failure message="java.lang.UnsupportedOperationException" type="java.lang.UnsupportedOperationException">java.lang.UnsupportedOperationException
	at mavlc.context_analysis.ContextualAnalysis.visitAddition(ContextualAnalysis.java:549)
	at mavlc.context_analysis.ContextualAnalysis.visitAddition(ContextualAnalysis.java:107)
	at mavlc.ast.nodes.expression.Addition.accept(Addition.java:46)
	at mavlc.context_analysis.ContextualAnalysis.visitValueDefinition(ContextualAnalysis.java:251)
	at mavlc.context_analysis.ContextualAnalysis.visitValueDefinition(ContextualAnalysis.java:107)
	at mavlc.ast.nodes.statement.ValueDefinition.accept(ValueDefinition.java:57)
	at mavlc.context_analysis.ContextualAnalysis.visitFunction(ContextualAnalysis.java:192)
	at mavlc.context_analysis.ContextualAnalysis.visitFunction(ContextualAnalysis.java:107)
	at mavlc.ast.nodes.function.Function.accept(Function.java:73)
	at mavlc.context_analysis.ContextualAnalysis.visitModule(ContextualAnalysis.java:144)
	at mavlc.context_analysis.ContextualAnalysis.visitModule(ContextualAnalysis.java:107)
	at mavlc.ast.nodes.module.Module.accept(Module.java:47)
	at mavlc.Main.main(Main.java:144)
	at mavlc.frontend.ast.ASTCompareTest.testExample(ASTCompareTest.java:68)
	at sun.reflect.NativeMethodAccessorImpl.invoke0(Native Method)
	at sun.reflect.NativeMethodAccessorImpl.invoke(NativeMethodAccessorImpl.java:62)
	at sun.reflect.DelegatingMethodAccessorImpl.invoke(DelegatingMethodAccessorImpl.java:43)
	at java.lang.reflect.Method.invoke(Method.java:498)
	at org.junit.runners.model.FrameworkMethod$1.runReflectiveCall(FrameworkMethod.java:50)
	at org.junit.internal.runners.model.ReflectiveCallable.run(ReflectiveCallable.java:12)
	at org.junit.runners.model.FrameworkMethod.invokeExplosively(FrameworkMethod.java:47)
	at org.junit.internal.runners.statements.InvokeMethod.evaluate(InvokeMethod.java:17)
	at org.junit.runners.ParentRunner.runLeaf(ParentRunner.java:325)
	at org.junit.runners.BlockJUnit4ClassRunner.runChild(BlockJUnit4ClassRunner.java:78)
	at org.junit.runners.BlockJUnit4ClassRunner.runChild(BlockJUnit4ClassRunner.java:57)
	at org.junit.runners.ParentRunner$3.run(ParentRunner.java:290)
	at org.junit.runners.ParentRunner$1.schedule(ParentRunner.java:71)
	at org.junit.runners.ParentRunner.runChildren(ParentRunner.java:288)
	at org.junit.runners.ParentRunner.access$000(ParentRunner.java:58)
	at org.junit.runners.ParentRunner$2.evaluate(ParentRunner.java:268)
	at org.junit.runners.ParentRunner.run(ParentRunner.java:363)
	at org.junit.runners.Suite.runChild(Suite.java:128)
	at org.junit.runners.Suite.runChild(Suite.java:27)
	at org.junit.runners.ParentRunner$3.run(ParentRunner.java:290)
	at org.junit.runners.ParentRunner$1.schedule(ParentRunner.java:71)
	at org.junit.runners.ParentRunner.runChildren(ParentRunner.java:288)
	at org.junit.runners.ParentRunner.access$000(ParentRunner.java:58)
	at org.junit.runners.ParentRunner$2.evaluate(ParentRunner.java:268)
	at org.junit.runners.ParentRunner.run(ParentRunner.java:363)
	at org.gradle.api.internal.tasks.testing.junit.JUnitTestClassExecuter.runTestClass(JUnitTestClassExecuter.java:114)
	at org.gradle.api.internal.tasks.testing.junit.JUnitTestClassExecuter.execute(JUnitTestClassExecuter.java:57)
	at org.gradle.api.internal.tasks.testing.junit.JUnitTestClassProcessor.processTestClass(JUnitTestClassProcessor.java:66)
	at org.gradle.api.internal.tasks.testing.SuiteTestClassProcessor.processTestClass(SuiteTestClassProcessor.java:51)
	at sun.reflect.NativeMethodAccessorImpl.invoke0(Native Method)
	at sun.reflect.NativeMethodAccessorImpl.invoke(NativeMethodAccessorImpl.java:62)
	at sun.reflect.DelegatingMethodAccessorImpl.invoke(DelegatingMethodAccessorImpl.java:43)
	at java.lang.reflect.Method.invoke(Method.java:498)
	at org.gradle.internal.dispatch.ReflectionDispatch.dispatch(ReflectionDispatch.java:35)
	at org.gradle.internal.dispatch.ReflectionDispatch.dispatch(ReflectionDispatch.java:24)
	at org.gradle.internal.dispatch.ContextClassLoaderDispatch.dispatch(ContextClassLoaderDispatch.java:32)
	at org.gradle.internal.dispatch.ProxyDispatchAdapter$DispatchingInvocationHandler.invoke(ProxyDispatchAdapter.java:93)
	at com.sun.proxy.$Proxy1.processTestClass(Unknown Source)
	at org.gradle.api.internal.tasks.testing.worker.TestWorker.processTestClass(TestWorker.java:109)
	at sun.reflect.NativeMethodAccessorImpl.invoke0(Native Method)
	at sun.reflect.NativeMethodAccessorImpl.invoke(NativeMethodAccessorImpl.java:62)
	at sun.reflect.DelegatingMethodAccessorImpl.invoke(DelegatingMethodAccessorImpl.java:43)
	at java.lang.reflect.Method.invoke(Method.java:498)
	at org.gradle.internal.dispatch.ReflectionDispatch.dispatch(ReflectionDispatch.java:35)
	at org.gradle.internal.dispatch.ReflectionDispatch.dispatch(ReflectionDispatch.java:24)
	at org.gradle.internal.remote.internal.hub.MessageHubBackedObjectConnection$DispatchWrapper.dispatch(MessageHubBackedObjectConnection.java:146)
	at org.gradle.internal.remote.internal.hub.MessageHubBackedObjectConnection$DispatchWrapper.dispatch(MessageHubBackedObjectConnection.java:128)
	at org.gradle.internal.remote.internal.hub.MessageHub$Handler.run(MessageHub.java:404)
	at org.gradle.internal.concurrent.ExecutorPolicy$CatchAndRecordFailures.onExecute(ExecutorPolicy.java:63)
	at org.gradle.internal.concurrent.ManagedExecutorImpl$1.run(ManagedExecutorImpl.java:46)
	at java.util.concurrent.ThreadPoolExecutor.runWorker(ThreadPoolExecutor.java:1149)
	at java.util.concurrent.ThreadPoolExecutor$Worker.run(ThreadPoolExecutor.java:624)
	at org.gradle.internal.concurrent.ThreadFactoryImpl$ManagedThreadRunnable.run(ThreadFactoryImpl.java:55)
	at java.lang.Thread.run(Thread.java:748)
</failure>
  </testcase>
  <testcase name="testExample[arith03]" classname="mavlc.frontend.ast.ASTCompareTest" time="0.011">
    <failure message="java.lang.UnsupportedOperationException" type="java.lang.UnsupportedOperationException">java.lang.UnsupportedOperationException
	at mavlc.context_analysis.ContextualAnalysis.visitAddition(ContextualAnalysis.java:549)
	at mavlc.context_analysis.ContextualAnalysis.visitAddition(ContextualAnalysis.java:107)
	at mavlc.ast.nodes.expression.Addition.accept(Addition.java:46)
	at mavlc.context_analysis.ContextualAnalysis.visitVariableAssignment(ContextualAnalysis.java:260)
	at mavlc.context_analysis.ContextualAnalysis.visitVariableAssignment(ContextualAnalysis.java:107)
	at mavlc.ast.nodes.statement.VariableAssignment.accept(VariableAssignment.java:51)
	at mavlc.context_analysis.ContextualAnalysis.visitFunction(ContextualAnalysis.java:192)
	at mavlc.context_analysis.ContextualAnalysis.visitFunction(ContextualAnalysis.java:107)
	at mavlc.ast.nodes.function.Function.accept(Function.java:73)
	at mavlc.context_analysis.ContextualAnalysis.visitModule(ContextualAnalysis.java:144)
	at mavlc.context_analysis.ContextualAnalysis.visitModule(ContextualAnalysis.java:107)
	at mavlc.ast.nodes.module.Module.accept(Module.java:47)
	at mavlc.Main.main(Main.java:144)
	at mavlc.frontend.ast.ASTCompareTest.testExample(ASTCompareTest.java:68)
	at sun.reflect.NativeMethodAccessorImpl.invoke0(Native Method)
	at sun.reflect.NativeMethodAccessorImpl.invoke(NativeMethodAccessorImpl.java:62)
	at sun.reflect.DelegatingMethodAccessorImpl.invoke(DelegatingMethodAccessorImpl.java:43)
	at java.lang.reflect.Method.invoke(Method.java:498)
	at org.junit.runners.model.FrameworkMethod$1.runReflectiveCall(FrameworkMethod.java:50)
	at org.junit.internal.runners.model.ReflectiveCallable.run(ReflectiveCallable.java:12)
	at org.junit.runners.model.FrameworkMethod.invokeExplosively(FrameworkMethod.java:47)
	at org.junit.internal.runners.statements.InvokeMethod.evaluate(InvokeMethod.java:17)
	at org.junit.runners.ParentRunner.runLeaf(ParentRunner.java:325)
	at org.junit.runners.BlockJUnit4ClassRunner.runChild(BlockJUnit4ClassRunner.java:78)
	at org.junit.runners.BlockJUnit4ClassRunner.runChild(BlockJUnit4ClassRunner.java:57)
	at org.junit.runners.ParentRunner$3.run(ParentRunner.java:290)
	at org.junit.runners.ParentRunner$1.schedule(ParentRunner.java:71)
	at org.junit.runners.ParentRunner.runChildren(ParentRunner.java:288)
	at org.junit.runners.ParentRunner.access$000(ParentRunner.java:58)
	at org.junit.runners.ParentRunner$2.evaluate(ParentRunner.java:268)
	at org.junit.runners.ParentRunner.run(ParentRunner.java:363)
	at org.junit.runners.Suite.runChild(Suite.java:128)
	at org.junit.runners.Suite.runChild(Suite.java:27)
	at org.junit.runners.ParentRunner$3.run(ParentRunner.java:290)
	at org.junit.runners.ParentRunner$1.schedule(ParentRunner.java:71)
	at org.junit.runners.ParentRunner.runChildren(ParentRunner.java:288)
	at org.junit.runners.ParentRunner.access$000(ParentRunner.java:58)
	at org.junit.runners.ParentRunner$2.evaluate(ParentRunner.java:268)
	at org.junit.runners.ParentRunner.run(ParentRunner.java:363)
	at org.gradle.api.internal.tasks.testing.junit.JUnitTestClassExecuter.runTestClass(JUnitTestClassExecuter.java:114)
	at org.gradle.api.internal.tasks.testing.junit.JUnitTestClassExecuter.execute(JUnitTestClassExecuter.java:57)
	at org.gradle.api.internal.tasks.testing.junit.JUnitTestClassProcessor.processTestClass(JUnitTestClassProcessor.java:66)
	at org.gradle.api.internal.tasks.testing.SuiteTestClassProcessor.processTestClass(SuiteTestClassProcessor.java:51)
	at sun.reflect.NativeMethodAccessorImpl.invoke0(Native Method)
	at sun.reflect.NativeMethodAccessorImpl.invoke(NativeMethodAccessorImpl.java:62)
	at sun.reflect.DelegatingMethodAccessorImpl.invoke(DelegatingMethodAccessorImpl.java:43)
	at java.lang.reflect.Method.invoke(Method.java:498)
	at org.gradle.internal.dispatch.ReflectionDispatch.dispatch(ReflectionDispatch.java:35)
	at org.gradle.internal.dispatch.ReflectionDispatch.dispatch(ReflectionDispatch.java:24)
	at org.gradle.internal.dispatch.ContextClassLoaderDispatch.dispatch(ContextClassLoaderDispatch.java:32)
	at org.gradle.internal.dispatch.ProxyDispatchAdapter$DispatchingInvocationHandler.invoke(ProxyDispatchAdapter.java:93)
	at com.sun.proxy.$Proxy1.processTestClass(Unknown Source)
	at org.gradle.api.internal.tasks.testing.worker.TestWorker.processTestClass(TestWorker.java:109)
	at sun.reflect.NativeMethodAccessorImpl.invoke0(Native Method)
	at sun.reflect.NativeMethodAccessorImpl.invoke(NativeMethodAccessorImpl.java:62)
	at sun.reflect.DelegatingMethodAccessorImpl.invoke(DelegatingMethodAccessorImpl.java:43)
	at java.lang.reflect.Method.invoke(Method.java:498)
	at org.gradle.internal.dispatch.ReflectionDispatch.dispatch(ReflectionDispatch.java:35)
	at org.gradle.internal.dispatch.ReflectionDispatch.dispatch(ReflectionDispatch.java:24)
	at org.gradle.internal.remote.internal.hub.MessageHubBackedObjectConnection$DispatchWrapper.dispatch(MessageHubBackedObjectConnection.java:146)
	at org.gradle.internal.remote.internal.hub.MessageHubBackedObjectConnection$DispatchWrapper.dispatch(MessageHubBackedObjectConnection.java:128)
	at org.gradle.internal.remote.internal.hub.MessageHub$Handler.run(MessageHub.java:404)
	at org.gradle.internal.concurrent.ExecutorPolicy$CatchAndRecordFailures.onExecute(ExecutorPolicy.java:63)
	at org.gradle.internal.concurrent.ManagedExecutorImpl$1.run(ManagedExecutorImpl.java:46)
	at java.util.concurrent.ThreadPoolExecutor.runWorker(ThreadPoolExecutor.java:1149)
	at java.util.concurrent.ThreadPoolExecutor$Worker.run(ThreadPoolExecutor.java:624)
	at org.gradle.internal.concurrent.ThreadFactoryImpl$ManagedThreadRunnable.run(ThreadFactoryImpl.java:55)
	at java.lang.Thread.run(Thread.java:748)
</failure>
  </testcase>
  <system-out><![CDATA[[src/test/testcases/trees/P2/public/_4/switch02.ast_test.context.xml, src/test/testcases/trees/P2/public/_3/foreachloop02.ast_test.context.xml, src/test/testcases/trees/P2/public/_3/foreachloop01.ast_test.context.xml, src/test/testcases/trees/P2/public/_1/compound01.ast_test.context.xml, src/test/testcases/trees/P2/public/_1/compound02.ast_test.context.xml, src/test/testcases/trees/P2/public/_2/assign02.ast_test.context.xml, src/test/testcases/trees/P2/public/_2/assign01.ast_test.context.xml, src/test/testcases/trees/P2/public/_5/arith04.ast_test.context.xml, src/test/testcases/trees/P2/public/_5/arith03.ast_test.context.xml]
Compiling file /home/seed/Workspace/TuDarmstadt/EiCb/git/Praktikum2/Robin/eicb-p2-2017.1/src/test/testcases/trees/P2/public/_4/switch02.mavl
Compiling file /home/seed/Workspace/TuDarmstadt/EiCb/git/Praktikum2/Robin/eicb-p2-2017.1/src/test/testcases/trees/P2/public/_3/foreachloop02.mavl
Compiling file /home/seed/Workspace/TuDarmstadt/EiCb/git/Praktikum2/Robin/eicb-p2-2017.1/src/test/testcases/trees/P2/public/_3/foreachloop01.mavl
Compiling file /home/seed/Workspace/TuDarmstadt/EiCb/git/Praktikum2/Robin/eicb-p2-2017.1/src/test/testcases/trees/P2/public/_1/compound01.mavl
Writing output of contextual analysis to build/test-output/compound01.mavl.test.xml
Done.
Compiling file /home/seed/Workspace/TuDarmstadt/EiCb/git/Praktikum2/Robin/eicb-p2-2017.1/src/test/testcases/trees/P2/public/_1/compound02.mavl
Writing output of contextual analysis to build/test-output/compound02.mavl.test.xml
Done.
Compiling file /home/seed/Workspace/TuDarmstadt/EiCb/git/Praktikum2/Robin/eicb-p2-2017.1/src/test/testcases/trees/P2/public/_2/assign02.mavl
Compiling file /home/seed/Workspace/TuDarmstadt/EiCb/git/Praktikum2/Robin/eicb-p2-2017.1/src/test/testcases/trees/P2/public/_2/assign01.mavl
Writing output of contextual analysis to build/test-output/assign01.mavl.test.xml
Done.
Compiling file /home/seed/Workspace/TuDarmstadt/EiCb/git/Praktikum2/Robin/eicb-p2-2017.1/src/test/testcases/trees/P2/public/_5/arith04.mavl
Compiling file /home/seed/Workspace/TuDarmstadt/EiCb/git/Praktikum2/Robin/eicb-p2-2017.1/src/test/testcases/trees/P2/public/_5/arith03.mavl
]]></system-out>
  <system-err><![CDATA[Running testcase switch02.mavl
Running testcase foreachloop02.mavl
Running testcase foreachloop01.mavl
Running testcase compound01.mavl
Running testcase compound02.mavl
Running testcase assign02.mavl
Running testcase assign01.mavl
Running testcase arith04.mavl
Running testcase arith03.mavl
]]></system-err>
</testsuite>
