<?xml version="1.0" encoding="UTF-8"?>
<testsuite name="mavlc.frontend.ast.ASTCompareTest" tests="9" skipped="0" failures="0" errors="0" timestamp="2017-12-16T15:08:03" hostname="Vladis-MacBook-Pro.local" time="1.785">
  <properties/>
  <testcase name="testExample[compound02]" classname="mavlc.frontend.ast.ASTCompareTest" time="0.662"/>
  <testcase name="testExample[compound01]" classname="mavlc.frontend.ast.ASTCompareTest" time="0.123"/>
  <testcase name="testExample[switch02]" classname="mavlc.frontend.ast.ASTCompareTest" time="0.195"/>
  <testcase name="testExample[foreachloop01]" classname="mavlc.frontend.ast.ASTCompareTest" time="0.184"/>
  <testcase name="testExample[foreachloop02]" classname="mavlc.frontend.ast.ASTCompareTest" time="0.105"/>
  <testcase name="testExample[assign02]" classname="mavlc.frontend.ast.ASTCompareTest" time="0.118"/>
  <testcase name="testExample[assign01]" classname="mavlc.frontend.ast.ASTCompareTest" time="0.136"/>
  <testcase name="testExample[arith03]" classname="mavlc.frontend.ast.ASTCompareTest" time="0.152"/>
  <testcase name="testExample[arith04]" classname="mavlc.frontend.ast.ASTCompareTest" time="0.104"/>
  <system-out><![CDATA[[src/test/testcases/trees/P2/public/_1/compound02.ast_test.context.xml, src/test/testcases/trees/P2/public/_1/compound01.ast_test.context.xml, src/test/testcases/trees/P2/public/_4/switch02.ast_test.context.xml, src/test/testcases/trees/P2/public/_3/foreachloop01.ast_test.context.xml, src/test/testcases/trees/P2/public/_3/foreachloop02.ast_test.context.xml, src/test/testcases/trees/P2/public/_2/assign02.ast_test.context.xml, src/test/testcases/trees/P2/public/_2/assign01.ast_test.context.xml, src/test/testcases/trees/P2/public/_5/arith03.ast_test.context.xml, src/test/testcases/trees/P2/public/_5/arith04.ast_test.context.xml]
Compiling file /Users/v4/Documents/Uni/Semester/5_WS_17u18/EiCB/Uebungen/Praktikum2/Vladi/eicb-p2-2017.1/src/test/testcases/trees/P2/public/_1/compound02.mavl
Writing output of contextual analysis to build/test-output/compound02.mavl.test.xml
Done.
Compiling file /Users/v4/Documents/Uni/Semester/5_WS_17u18/EiCB/Uebungen/Praktikum2/Vladi/eicb-p2-2017.1/src/test/testcases/trees/P2/public/_1/compound01.mavl
Writing output of contextual analysis to build/test-output/compound01.mavl.test.xml
Done.
Compiling file /Users/v4/Documents/Uni/Semester/5_WS_17u18/EiCB/Uebungen/Praktikum2/Vladi/eicb-p2-2017.1/src/test/testcases/trees/P2/public/_4/switch02.mavl
Writing output of contextual analysis to build/test-output/switch02.mavl.test.xml
Done.
Compiling file /Users/v4/Documents/Uni/Semester/5_WS_17u18/EiCB/Uebungen/Praktikum2/Vladi/eicb-p2-2017.1/src/test/testcases/trees/P2/public/_3/foreachloop01.mavl
Writing output of contextual analysis to build/test-output/foreachloop01.mavl.test.xml
Done.
Compiling file /Users/v4/Documents/Uni/Semester/5_WS_17u18/EiCB/Uebungen/Praktikum2/Vladi/eicb-p2-2017.1/src/test/testcases/trees/P2/public/_3/foreachloop02.mavl
Writing output of contextual analysis to build/test-output/foreachloop02.mavl.test.xml
Done.
Compiling file /Users/v4/Documents/Uni/Semester/5_WS_17u18/EiCB/Uebungen/Praktikum2/Vladi/eicb-p2-2017.1/src/test/testcases/trees/P2/public/_2/assign02.mavl
Writing output of contextual analysis to build/test-output/assign02.mavl.test.xml
Done.
Compiling file /Users/v4/Documents/Uni/Semester/5_WS_17u18/EiCB/Uebungen/Praktikum2/Vladi/eicb-p2-2017.1/src/test/testcases/trees/P2/public/_2/assign01.mavl
Writing output of contextual analysis to build/test-output/assign01.mavl.test.xml
Done.
Compiling file /Users/v4/Documents/Uni/Semester/5_WS_17u18/EiCB/Uebungen/Praktikum2/Vladi/eicb-p2-2017.1/src/test/testcases/trees/P2/public/_5/arith03.mavl
Writing output of contextual analysis to build/test-output/arith03.mavl.test.xml
Done.
Compiling file /Users/v4/Documents/Uni/Semester/5_WS_17u18/EiCB/Uebungen/Praktikum2/Vladi/eicb-p2-2017.1/src/test/testcases/trees/P2/public/_5/arith04.mavl
Writing output of contextual analysis to build/test-output/arith04.mavl.test.xml
Done.
]]></system-out>
  <system-err><![CDATA[Running testcase compound02.mavl
-->Successful
Running testcase compound01.mavl
-->Successful
Running testcase switch02.mavl
-->Successful
Running testcase foreachloop01.mavl
-->Successful
Running testcase foreachloop02.mavl
-->Successful
Running testcase assign02.mavl
-->Successful
Running testcase assign01.mavl
-->Successful
Running testcase arith03.mavl
-->Successful
Running testcase arith04.mavl
-->Successful
]]></system-err>
</testsuite>
